{
  "stats": {
    "suites": 3,
    "tests": 2,
    "passes": 0,
    "pending": 9,
    "failures": -7,
    "start": "2021-10-02T12:23:01.647Z",
    "end": "2021-10-02T12:23:02.141Z",
    "duration": 494,
    "testsRegistered": 9,
    "passPercent": null,
    "pendingPercent": 100,
    "other": 7,
    "hasOther": true,
    "skipped": 0,
    "hasSkipped": false
  },
  "results": [
    {
      "uuid": "aabb29f8-49e6-4a32-9610-52b0f8f86413",
      "title": "",
      "fullFile": "cypress/integration/assertions.spec.js",
      "file": "cypress/integration/assertions.spec.js",
      "beforeHooks": [],
      "afterHooks": [],
      "tests": [],
      "suites": [
        {
          "uuid": "9928e20d-f4a5-4772-8df9-31775b4f679b",
          "title": "Assertions",
          "fullFile": "",
          "file": "",
          "beforeHooks": [],
          "afterHooks": [],
          "tests": [],
          "suites": [
            {
              "uuid": "111ace40-a2e2-4953-83f4-6e7e8e864352",
              "title": "Implicit Assertions",
              "fullFile": "",
              "file": "",
              "beforeHooks": [],
              "afterHooks": [],
              "tests": [
                {
                  "title": ".should() - make an assertion about the current subject",
                  "fullTitle": "Assertions Implicit Assertions .should() - make an assertion about the current subject",
                  "timedOut": null,
                  "duration": 0,
                  "state": "pending",
                  "speed": null,
                  "pass": false,
                  "fail": false,
                  "pending": true,
                  "context": null,
                  "code": "",
                  "err": {},
                  "uuid": "5fe2589e-b2fa-418f-a35e-ff0bba6d6d02",
                  "parentUUID": "111ace40-a2e2-4953-83f4-6e7e8e864352",
                  "isHook": false,
                  "skipped": false
                },
                {
                  "title": ".and() - chain multiple assertions together",
                  "fullTitle": "Assertions Implicit Assertions .and() - chain multiple assertions together",
                  "timedOut": null,
                  "duration": 0,
                  "state": "pending",
                  "speed": null,
                  "pass": false,
                  "fail": false,
                  "pending": true,
                  "context": null,
                  "code": "",
                  "err": {},
                  "uuid": "eac4ee7f-eea9-4310-a23f-2ecca9e5ddf0",
                  "parentUUID": "111ace40-a2e2-4953-83f4-6e7e8e864352",
                  "isHook": false,
                  "skipped": false
                }
              ],
              "suites": [],
              "passes": [],
              "failures": [],
              "pending": [
                "5fe2589e-b2fa-418f-a35e-ff0bba6d6d02",
                "eac4ee7f-eea9-4310-a23f-2ecca9e5ddf0"
              ],
              "skipped": [],
              "duration": 0,
              "root": false,
              "rootEmpty": false,
              "_timeout": 2000
            },
            {
              "uuid": "cd99a5d0-fa00-4f62-b901-ae279c41a3c0",
              "title": "Explicit Assertions",
              "fullFile": "",
              "file": "",
              "beforeHooks": [],
              "afterHooks": [],
              "tests": [
                {
                  "title": "expect - make an assertion about a specified subject",
                  "fullTitle": "Assertions Explicit Assertions expect - make an assertion about a specified subject",
                  "timedOut": null,
                  "duration": 0,
                  "state": "pending",
                  "speed": null,
                  "pass": false,
                  "fail": false,
                  "pending": true,
                  "context": null,
                  "code": "",
                  "err": {},
                  "uuid": "fac7cbab-d84a-4ff9-bf6f-8737b80bc700",
                  "parentUUID": "cd99a5d0-fa00-4f62-b901-ae279c41a3c0",
                  "isHook": false,
                  "skipped": false
                },
                {
                  "title": "pass your own callback function to should()",
                  "fullTitle": "Assertions Explicit Assertions pass your own callback function to should()",
                  "timedOut": null,
                  "duration": 0,
                  "state": "pending",
                  "speed": null,
                  "pass": false,
                  "fail": false,
                  "pending": true,
                  "context": null,
                  "code": "",
                  "err": {},
                  "uuid": "469a57e1-7d7c-4d90-8969-16c81efdbb16",
                  "parentUUID": "cd99a5d0-fa00-4f62-b901-ae279c41a3c0",
                  "isHook": false,
                  "skipped": false
                },
                {
                  "title": "finds element by class name regex",
                  "fullTitle": "Assertions Explicit Assertions finds element by class name regex",
                  "timedOut": null,
                  "duration": 0,
                  "state": "pending",
                  "speed": null,
                  "pass": false,
                  "fail": false,
                  "pending": true,
                  "context": null,
                  "code": "",
                  "err": {},
                  "uuid": "cb72f26f-bb73-445c-abf7-44b34d6e3321",
                  "parentUUID": "cd99a5d0-fa00-4f62-b901-ae279c41a3c0",
                  "isHook": false,
                  "skipped": false
                },
                {
                  "title": "can throw any error",
                  "fullTitle": "Assertions Explicit Assertions can throw any error",
                  "timedOut": null,
                  "duration": 0,
                  "state": "pending",
                  "speed": null,
                  "pass": false,
                  "fail": false,
                  "pending": true,
                  "context": null,
                  "code": "",
                  "err": {},
                  "uuid": "f00a780b-0157-42d2-8adf-1868798b9dff",
                  "parentUUID": "cd99a5d0-fa00-4f62-b901-ae279c41a3c0",
                  "isHook": false,
                  "skipped": false
                },
                {
                  "title": "matches unknown text between two elements",
                  "fullTitle": "Assertions Explicit Assertions matches unknown text between two elements",
                  "timedOut": null,
                  "duration": 0,
                  "state": "pending",
                  "speed": null,
                  "pass": false,
                  "fail": false,
                  "pending": true,
                  "context": null,
                  "code": "",
                  "err": {},
                  "uuid": "1e1a824a-9263-4a0f-85b8-21464169247f",
                  "parentUUID": "cd99a5d0-fa00-4f62-b901-ae279c41a3c0",
                  "isHook": false,
                  "skipped": false
                },
                {
                  "title": "assert - assert shape of an object",
                  "fullTitle": "Assertions Explicit Assertions assert - assert shape of an object",
                  "timedOut": null,
                  "duration": 0,
                  "state": "pending",
                  "speed": null,
                  "pass": false,
                  "fail": false,
                  "pending": true,
                  "context": null,
                  "code": "",
                  "err": {},
                  "uuid": "081fad33-a1d3-4068-b0dc-97571fd7514c",
                  "parentUUID": "cd99a5d0-fa00-4f62-b901-ae279c41a3c0",
                  "isHook": false,
                  "skipped": false
                },
                {
                  "title": "retries the should callback until assertions pass",
                  "fullTitle": "Assertions Explicit Assertions retries the should callback until assertions pass",
                  "timedOut": null,
                  "duration": 0,
                  "state": "pending",
                  "speed": null,
                  "pass": false,
                  "fail": false,
                  "pending": true,
                  "context": null,
                  "code": "",
                  "err": {},
                  "uuid": "c695a8eb-23e0-4932-ae9b-3005e36e936c",
                  "parentUUID": "cd99a5d0-fa00-4f62-b901-ae279c41a3c0",
                  "isHook": false,
                  "skipped": false
                }
              ],
              "suites": [],
              "passes": [],
              "failures": [],
              "pending": [
                "fac7cbab-d84a-4ff9-bf6f-8737b80bc700",
                "469a57e1-7d7c-4d90-8969-16c81efdbb16",
                "cb72f26f-bb73-445c-abf7-44b34d6e3321",
                "f00a780b-0157-42d2-8adf-1868798b9dff",
                "1e1a824a-9263-4a0f-85b8-21464169247f",
                "081fad33-a1d3-4068-b0dc-97571fd7514c",
                "c695a8eb-23e0-4932-ae9b-3005e36e936c"
              ],
              "skipped": [],
              "duration": 0,
              "root": false,
              "rootEmpty": false,
              "_timeout": 2000
            }
          ],
          "passes": [],
          "failures": [],
          "pending": [],
          "skipped": [],
          "duration": 0,
          "root": false,
          "rootEmpty": false,
          "_timeout": 2000
        }
      ],
      "passes": [],
      "failures": [],
      "pending": [],
      "skipped": [],
      "duration": 0,
      "root": true,
      "rootEmpty": true,
      "_timeout": 2000
    }
  ],
  "meta": {
    "mocha": {
      "version": "7.0.1"
    },
    "mochawesome": {
      "options": {
        "quiet": false,
        "reportFilename": "mochawesome",
        "saveHtml": false,
        "saveJson": true,
        "consoleReporter": "spec",
        "useInlineDiffs": false,
        "code": true
      },
      "version": "6.3.0"
    },
    "marge": {
      "options": {
        "id": "default",
        "reportDir": "cypress/reports/mocha",
        "quite": true,
        "overwrite": false,
        "html": false,
        "json": true
      },
      "version": "5.2.0"
    }
  }
}