{
  "stats": {
    "suites": 1,
    "tests": 1,
    "passes": 1,
    "pending": 0,
    "failures": 0,
    "start": "2021-10-02T22:11:50.227Z",
    "end": "2021-10-02T22:12:04.701Z",
    "duration": 14474,
    "testsRegistered": 1,
    "passPercent": 100,
    "pendingPercent": 0,
    "other": 0,
    "hasOther": false,
    "skipped": 0,
    "hasSkipped": false
  },
  "results": [
    {
      "uuid": "0d6cd25b-3572-44bf-8d28-3392a6539eb6",
      "title": "",
      "fullFile": "cypress/integration/actions.spec.js",
      "file": "cypress/integration/actions.spec.js",
      "beforeHooks": [],
      "afterHooks": [],
      "tests": [],
      "suites": [
        {
          "uuid": "b6f92d3d-7a4f-43e3-a501-1ca506501b99",
          "title": "Actions",
          "fullFile": "",
          "file": "",
          "beforeHooks": [],
          "afterHooks": [],
          "tests": [
            {
              "title": "Go to homePage",
              "fullTitle": "Actions Go to homePage",
              "timedOut": null,
              "duration": 9332,
              "state": "passed",
              "speed": "slow",
              "pass": true,
              "fail": false,
              "pending": false,
              "context": null,
              "code": "cy.get('.text-center').should('have.text', 'No items yet! Add one above!');",
              "err": {},
              "uuid": "34f170f7-b32a-4f3e-bf1a-3fe747807f27",
              "parentUUID": "b6f92d3d-7a4f-43e3-a501-1ca506501b99",
              "isHook": false,
              "skipped": false
            }
          ],
          "suites": [],
          "passes": [
            "34f170f7-b32a-4f3e-bf1a-3fe747807f27"
          ],
          "failures": [],
          "pending": [],
          "skipped": [],
          "duration": 9332,
          "root": false,
          "rootEmpty": false,
          "_timeout": 2000
        }
      ],
      "passes": [],
      "failures": [],
      "pending": [],
      "skipped": [],
      "duration": 0,
      "root": true,
      "rootEmpty": true,
      "_timeout": 2000
    }
  ],
  "meta": {
    "mocha": {
      "version": "7.0.1"
    },
    "mochawesome": {
      "options": {
        "quiet": false,
        "reportFilename": "mochawesome",
        "saveHtml": false,
        "saveJson": true,
        "consoleReporter": "spec",
        "useInlineDiffs": false,
        "code": true
      },
      "version": "6.3.0"
    },
    "marge": {
      "options": {
        "id": "default",
        "reportDir": "cypress/reports/mocha",
        "quite": true,
        "overwrite": false,
        "html": false,
        "json": true
      },
      "version": "5.2.0"
    }
  }
}