{
  "stats": {
    "suites": 3,
    "tests": 2,
    "passes": 0,
    "pending": 9,
    "failures": -7,
    "start": "2021-10-02T21:37:57.215Z",
    "end": "2021-10-02T21:37:57.401Z",
    "duration": 186,
    "testsRegistered": 9,
    "passPercent": null,
    "pendingPercent": 100,
    "other": 7,
    "hasOther": true,
    "skipped": 0,
    "hasSkipped": false
  },
  "results": [
    {
      "uuid": "4537f793-bb2a-4250-a23c-73db6f45ab6f",
      "title": "",
      "fullFile": "cypress/integration/assertions.spec.js",
      "file": "cypress/integration/assertions.spec.js",
      "beforeHooks": [],
      "afterHooks": [],
      "tests": [],
      "suites": [
        {
          "uuid": "7ea96352-da5e-4198-ba0f-111d63018e73",
          "title": "Assertions",
          "fullFile": "",
          "file": "",
          "beforeHooks": [],
          "afterHooks": [],
          "tests": [],
          "suites": [
            {
              "uuid": "2d180c50-d2f4-4f5c-bcc3-cbb151f73b62",
              "title": "Implicit Assertions",
              "fullFile": "",
              "file": "",
              "beforeHooks": [],
              "afterHooks": [],
              "tests": [
                {
                  "title": ".should() - make an assertion about the current subject",
                  "fullTitle": "Assertions Implicit Assertions .should() - make an assertion about the current subject",
                  "timedOut": null,
                  "duration": 0,
                  "state": "pending",
                  "speed": null,
                  "pass": false,
                  "fail": false,
                  "pending": true,
                  "context": null,
                  "code": "",
                  "err": {},
                  "uuid": "6ce67528-c838-4c6e-9558-7bf35ccf3b77",
                  "parentUUID": "2d180c50-d2f4-4f5c-bcc3-cbb151f73b62",
                  "isHook": false,
                  "skipped": false
                },
                {
                  "title": ".and() - chain multiple assertions together",
                  "fullTitle": "Assertions Implicit Assertions .and() - chain multiple assertions together",
                  "timedOut": null,
                  "duration": 0,
                  "state": "pending",
                  "speed": null,
                  "pass": false,
                  "fail": false,
                  "pending": true,
                  "context": null,
                  "code": "",
                  "err": {},
                  "uuid": "c2356b7c-1bed-4629-b3c3-913c61e1e358",
                  "parentUUID": "2d180c50-d2f4-4f5c-bcc3-cbb151f73b62",
                  "isHook": false,
                  "skipped": false
                }
              ],
              "suites": [],
              "passes": [],
              "failures": [],
              "pending": [
                "6ce67528-c838-4c6e-9558-7bf35ccf3b77",
                "c2356b7c-1bed-4629-b3c3-913c61e1e358"
              ],
              "skipped": [],
              "duration": 0,
              "root": false,
              "rootEmpty": false,
              "_timeout": 2000
            },
            {
              "uuid": "1208a245-bf98-4078-9021-f8b965a44b03",
              "title": "Explicit Assertions",
              "fullFile": "",
              "file": "",
              "beforeHooks": [],
              "afterHooks": [],
              "tests": [
                {
                  "title": "expect - make an assertion about a specified subject",
                  "fullTitle": "Assertions Explicit Assertions expect - make an assertion about a specified subject",
                  "timedOut": null,
                  "duration": 0,
                  "state": "pending",
                  "speed": null,
                  "pass": false,
                  "fail": false,
                  "pending": true,
                  "context": null,
                  "code": "",
                  "err": {},
                  "uuid": "24038ead-72d2-493f-a94e-78684b784ddf",
                  "parentUUID": "1208a245-bf98-4078-9021-f8b965a44b03",
                  "isHook": false,
                  "skipped": false
                },
                {
                  "title": "pass your own callback function to should()",
                  "fullTitle": "Assertions Explicit Assertions pass your own callback function to should()",
                  "timedOut": null,
                  "duration": 0,
                  "state": "pending",
                  "speed": null,
                  "pass": false,
                  "fail": false,
                  "pending": true,
                  "context": null,
                  "code": "",
                  "err": {},
                  "uuid": "f41a7fdc-98c3-46fa-8e5e-36e038e63d5b",
                  "parentUUID": "1208a245-bf98-4078-9021-f8b965a44b03",
                  "isHook": false,
                  "skipped": false
                },
                {
                  "title": "finds element by class name regex",
                  "fullTitle": "Assertions Explicit Assertions finds element by class name regex",
                  "timedOut": null,
                  "duration": 0,
                  "state": "pending",
                  "speed": null,
                  "pass": false,
                  "fail": false,
                  "pending": true,
                  "context": null,
                  "code": "",
                  "err": {},
                  "uuid": "820ffbe3-3450-4565-9d66-36a1f1e77b5d",
                  "parentUUID": "1208a245-bf98-4078-9021-f8b965a44b03",
                  "isHook": false,
                  "skipped": false
                },
                {
                  "title": "can throw any error",
                  "fullTitle": "Assertions Explicit Assertions can throw any error",
                  "timedOut": null,
                  "duration": 0,
                  "state": "pending",
                  "speed": null,
                  "pass": false,
                  "fail": false,
                  "pending": true,
                  "context": null,
                  "code": "",
                  "err": {},
                  "uuid": "7ec9a7d0-c89d-416a-81fa-00d0bfd6a19a",
                  "parentUUID": "1208a245-bf98-4078-9021-f8b965a44b03",
                  "isHook": false,
                  "skipped": false
                },
                {
                  "title": "matches unknown text between two elements",
                  "fullTitle": "Assertions Explicit Assertions matches unknown text between two elements",
                  "timedOut": null,
                  "duration": 0,
                  "state": "pending",
                  "speed": null,
                  "pass": false,
                  "fail": false,
                  "pending": true,
                  "context": null,
                  "code": "",
                  "err": {},
                  "uuid": "fb4aa063-3d91-4a32-b75b-61c17dbad32e",
                  "parentUUID": "1208a245-bf98-4078-9021-f8b965a44b03",
                  "isHook": false,
                  "skipped": false
                },
                {
                  "title": "assert - assert shape of an object",
                  "fullTitle": "Assertions Explicit Assertions assert - assert shape of an object",
                  "timedOut": null,
                  "duration": 0,
                  "state": "pending",
                  "speed": null,
                  "pass": false,
                  "fail": false,
                  "pending": true,
                  "context": null,
                  "code": "",
                  "err": {},
                  "uuid": "c1f07341-ffc0-443c-baed-47c84171e457",
                  "parentUUID": "1208a245-bf98-4078-9021-f8b965a44b03",
                  "isHook": false,
                  "skipped": false
                },
                {
                  "title": "retries the should callback until assertions pass",
                  "fullTitle": "Assertions Explicit Assertions retries the should callback until assertions pass",
                  "timedOut": null,
                  "duration": 0,
                  "state": "pending",
                  "speed": null,
                  "pass": false,
                  "fail": false,
                  "pending": true,
                  "context": null,
                  "code": "",
                  "err": {},
                  "uuid": "dcd7d46b-3742-4050-a1e7-bd9effbdcde3",
                  "parentUUID": "1208a245-bf98-4078-9021-f8b965a44b03",
                  "isHook": false,
                  "skipped": false
                }
              ],
              "suites": [],
              "passes": [],
              "failures": [],
              "pending": [
                "24038ead-72d2-493f-a94e-78684b784ddf",
                "f41a7fdc-98c3-46fa-8e5e-36e038e63d5b",
                "820ffbe3-3450-4565-9d66-36a1f1e77b5d",
                "7ec9a7d0-c89d-416a-81fa-00d0bfd6a19a",
                "fb4aa063-3d91-4a32-b75b-61c17dbad32e",
                "c1f07341-ffc0-443c-baed-47c84171e457",
                "dcd7d46b-3742-4050-a1e7-bd9effbdcde3"
              ],
              "skipped": [],
              "duration": 0,
              "root": false,
              "rootEmpty": false,
              "_timeout": 2000
            }
          ],
          "passes": [],
          "failures": [],
          "pending": [],
          "skipped": [],
          "duration": 0,
          "root": false,
          "rootEmpty": false,
          "_timeout": 2000
        }
      ],
      "passes": [],
      "failures": [],
      "pending": [],
      "skipped": [],
      "duration": 0,
      "root": true,
      "rootEmpty": true,
      "_timeout": 2000
    }
  ],
  "meta": {
    "mocha": {
      "version": "7.0.1"
    },
    "mochawesome": {
      "options": {
        "quiet": false,
        "reportFilename": "mochawesome",
        "saveHtml": false,
        "saveJson": true,
        "consoleReporter": "spec",
        "useInlineDiffs": false,
        "code": true
      },
      "version": "6.3.0"
    },
    "marge": {
      "options": {
        "id": "default",
        "reportDir": "cypress/reports/mocha",
        "quite": true,
        "overwrite": false,
        "html": false,
        "json": true
      },
      "version": "5.2.0"
    }
  }
}