{
  "stats": {
    "suites": 1,
    "tests": 1,
    "passes": 1,
    "pending": 0,
    "failures": 0,
    "start": "2021-10-02T12:22:32.294Z",
    "end": "2021-10-02T12:22:45.604Z",
    "duration": 13310,
    "testsRegistered": 1,
    "passPercent": 100,
    "pendingPercent": 0,
    "other": 0,
    "hasOther": false,
    "skipped": 0,
    "hasSkipped": false
  },
  "results": [
    {
      "uuid": "f78e19fa-64a5-470c-9602-f4d260f3527c",
      "title": "",
      "fullFile": "cypress/integration/actions.spec.js",
      "file": "cypress/integration/actions.spec.js",
      "beforeHooks": [],
      "afterHooks": [],
      "tests": [],
      "suites": [
        {
          "uuid": "f07edfd2-ca88-4091-9c98-be3fac22f220",
          "title": "Actions",
          "fullFile": "",
          "file": "",
          "beforeHooks": [],
          "afterHooks": [],
          "tests": [
            {
              "title": "Go to homePage",
              "fullTitle": "Actions Go to homePage",
              "timedOut": null,
              "duration": 5071,
              "state": "passed",
              "speed": "slow",
              "pass": true,
              "fail": false,
              "pending": false,
              "context": null,
              "code": "cy.get('.text-center').should('have.text', 'No items yet! Add one above!');",
              "err": {},
              "uuid": "59f4659b-8970-4d19-9564-a0a4dffe8514",
              "parentUUID": "f07edfd2-ca88-4091-9c98-be3fac22f220",
              "isHook": false,
              "skipped": false
            }
          ],
          "suites": [],
          "passes": [
            "59f4659b-8970-4d19-9564-a0a4dffe8514"
          ],
          "failures": [],
          "pending": [],
          "skipped": [],
          "duration": 5071,
          "root": false,
          "rootEmpty": false,
          "_timeout": 2000
        }
      ],
      "passes": [],
      "failures": [],
      "pending": [],
      "skipped": [],
      "duration": 0,
      "root": true,
      "rootEmpty": true,
      "_timeout": 2000
    }
  ],
  "meta": {
    "mocha": {
      "version": "7.0.1"
    },
    "mochawesome": {
      "options": {
        "quiet": false,
        "reportFilename": "mochawesome",
        "saveHtml": false,
        "saveJson": true,
        "consoleReporter": "spec",
        "useInlineDiffs": false,
        "code": true
      },
      "version": "6.3.0"
    },
    "marge": {
      "options": {
        "id": "default",
        "reportDir": "cypress/reports/mocha",
        "quite": true,
        "overwrite": false,
        "html": false,
        "json": true
      },
      "version": "5.2.0"
    }
  }
}