{
  "stats": {
    "suites": 3,
    "tests": 12,
    "passes": 1,
    "pending": 11,
    "failures": 0,
    "start": "2021-10-02T22:11:50.227Z",
    "end": "2021-10-02T22:12:33.473Z",
    "duration": 9332,
    "testsRegistered": 12,
    "passPercent": 8.333333333333334,
    "pendingPercent": 91.66666666666667,
    "other": 0,
    "hasOther": false,
    "skipped": 0,
    "hasSkipped": false
  },
  "results": [
    {
      "uuid": "22839df7-bd3a-468a-bbbf-410e69b6a51a",
      "title": "",
      "fullFile": "cypress/integration/aliasing.spec.js",
      "file": "cypress/integration/aliasing.spec.js",
      "beforeHooks": [],
      "afterHooks": [],
      "tests": [],
      "suites": [
        {
          "uuid": "3d60a77f-b342-4693-8d00-ce9d61b087c9",
          "title": "Aliasing",
          "fullFile": "",
          "file": "",
          "beforeHooks": [],
          "afterHooks": [],
          "tests": [
            {
              "title": ".as() - alias a DOM element for later use",
              "fullTitle": "Aliasing .as() - alias a DOM element for later use",
              "timedOut": null,
              "duration": 0,
              "state": "pending",
              "speed": null,
              "pass": false,
              "fail": false,
              "pending": true,
              "context": null,
              "code": "",
              "err": {},
              "uuid": "d8105d1f-61f5-420c-9343-37505f652b18",
              "parentUUID": "3d60a77f-b342-4693-8d00-ce9d61b087c9",
              "isHook": false,
              "skipped": false
            },
            {
              "title": ".as() - alias a route for later use",
              "fullTitle": "Aliasing .as() - alias a route for later use",
              "timedOut": null,
              "duration": 0,
              "state": "pending",
              "speed": null,
              "pass": false,
              "fail": false,
              "pending": true,
              "context": null,
              "code": "",
              "err": {},
              "uuid": "0418ac23-6429-409c-8924-1397736734be",
              "parentUUID": "3d60a77f-b342-4693-8d00-ce9d61b087c9",
              "isHook": false,
              "skipped": false
            }
          ],
          "suites": [],
          "passes": [],
          "failures": [],
          "pending": [
            "d8105d1f-61f5-420c-9343-37505f652b18",
            "0418ac23-6429-409c-8924-1397736734be"
          ],
          "skipped": [],
          "duration": 0,
          "root": false,
          "rootEmpty": false,
          "_timeout": 2000
        }
      ],
      "passes": [],
      "failures": [],
      "pending": [],
      "skipped": [],
      "duration": 0,
      "root": true,
      "rootEmpty": true,
      "_timeout": 2000
    },
    {
      "uuid": "8b5742b5-150c-435d-90a2-206f6f11c650",
      "title": "",
      "fullFile": "cypress/integration/assertions.spec.js",
      "file": "cypress/integration/assertions.spec.js",
      "beforeHooks": [],
      "afterHooks": [],
      "tests": [],
      "suites": [
        {
          "uuid": "eaa948f0-95bd-4153-9b98-2e94ac6dec52",
          "title": "Assertions",
          "fullFile": "",
          "file": "",
          "beforeHooks": [],
          "afterHooks": [],
          "tests": [],
          "suites": [
            {
              "uuid": "b719e464-9ed5-42f7-85fa-301b6e4899ec",
              "title": "Implicit Assertions",
              "fullFile": "",
              "file": "",
              "beforeHooks": [],
              "afterHooks": [],
              "tests": [
                {
                  "title": ".should() - make an assertion about the current subject",
                  "fullTitle": "Assertions Implicit Assertions .should() - make an assertion about the current subject",
                  "timedOut": null,
                  "duration": 0,
                  "state": "pending",
                  "speed": null,
                  "pass": false,
                  "fail": false,
                  "pending": true,
                  "context": null,
                  "code": "",
                  "err": {},
                  "uuid": "0989c218-f4ca-4584-800f-abe415f3ebfb",
                  "parentUUID": "b719e464-9ed5-42f7-85fa-301b6e4899ec",
                  "isHook": false,
                  "skipped": false
                },
                {
                  "title": ".and() - chain multiple assertions together",
                  "fullTitle": "Assertions Implicit Assertions .and() - chain multiple assertions together",
                  "timedOut": null,
                  "duration": 0,
                  "state": "pending",
                  "speed": null,
                  "pass": false,
                  "fail": false,
                  "pending": true,
                  "context": null,
                  "code": "",
                  "err": {},
                  "uuid": "1bc32de3-4283-4dfa-a45a-049addaf3800",
                  "parentUUID": "b719e464-9ed5-42f7-85fa-301b6e4899ec",
                  "isHook": false,
                  "skipped": false
                }
              ],
              "suites": [],
              "passes": [],
              "failures": [],
              "pending": [
                "0989c218-f4ca-4584-800f-abe415f3ebfb",
                "1bc32de3-4283-4dfa-a45a-049addaf3800"
              ],
              "skipped": [],
              "duration": 0,
              "root": false,
              "rootEmpty": false,
              "_timeout": 2000
            },
            {
              "uuid": "cf78e314-05e1-4f5c-8aaf-9617916f191a",
              "title": "Explicit Assertions",
              "fullFile": "",
              "file": "",
              "beforeHooks": [],
              "afterHooks": [],
              "tests": [
                {
                  "title": "expect - make an assertion about a specified subject",
                  "fullTitle": "Assertions Explicit Assertions expect - make an assertion about a specified subject",
                  "timedOut": null,
                  "duration": 0,
                  "state": "pending",
                  "speed": null,
                  "pass": false,
                  "fail": false,
                  "pending": true,
                  "context": null,
                  "code": "",
                  "err": {},
                  "uuid": "c1073265-39d7-4cf0-b94d-38c255969d95",
                  "parentUUID": "cf78e314-05e1-4f5c-8aaf-9617916f191a",
                  "isHook": false,
                  "skipped": false
                },
                {
                  "title": "pass your own callback function to should()",
                  "fullTitle": "Assertions Explicit Assertions pass your own callback function to should()",
                  "timedOut": null,
                  "duration": 0,
                  "state": "pending",
                  "speed": null,
                  "pass": false,
                  "fail": false,
                  "pending": true,
                  "context": null,
                  "code": "",
                  "err": {},
                  "uuid": "9e3d890c-7d1e-4b95-bc08-dfe58971448f",
                  "parentUUID": "cf78e314-05e1-4f5c-8aaf-9617916f191a",
                  "isHook": false,
                  "skipped": false
                },
                {
                  "title": "finds element by class name regex",
                  "fullTitle": "Assertions Explicit Assertions finds element by class name regex",
                  "timedOut": null,
                  "duration": 0,
                  "state": "pending",
                  "speed": null,
                  "pass": false,
                  "fail": false,
                  "pending": true,
                  "context": null,
                  "code": "",
                  "err": {},
                  "uuid": "2a630b58-9265-4b4c-ad4c-b1ece2a5bdc4",
                  "parentUUID": "cf78e314-05e1-4f5c-8aaf-9617916f191a",
                  "isHook": false,
                  "skipped": false
                },
                {
                  "title": "can throw any error",
                  "fullTitle": "Assertions Explicit Assertions can throw any error",
                  "timedOut": null,
                  "duration": 0,
                  "state": "pending",
                  "speed": null,
                  "pass": false,
                  "fail": false,
                  "pending": true,
                  "context": null,
                  "code": "",
                  "err": {},
                  "uuid": "b1a3a54f-c48c-4441-ac89-f7190e777fba",
                  "parentUUID": "cf78e314-05e1-4f5c-8aaf-9617916f191a",
                  "isHook": false,
                  "skipped": false
                },
                {
                  "title": "matches unknown text between two elements",
                  "fullTitle": "Assertions Explicit Assertions matches unknown text between two elements",
                  "timedOut": null,
                  "duration": 0,
                  "state": "pending",
                  "speed": null,
                  "pass": false,
                  "fail": false,
                  "pending": true,
                  "context": null,
                  "code": "",
                  "err": {},
                  "uuid": "fda77e71-8ab1-418c-9f0f-565de8f03134",
                  "parentUUID": "cf78e314-05e1-4f5c-8aaf-9617916f191a",
                  "isHook": false,
                  "skipped": false
                },
                {
                  "title": "assert - assert shape of an object",
                  "fullTitle": "Assertions Explicit Assertions assert - assert shape of an object",
                  "timedOut": null,
                  "duration": 0,
                  "state": "pending",
                  "speed": null,
                  "pass": false,
                  "fail": false,
                  "pending": true,
                  "context": null,
                  "code": "",
                  "err": {},
                  "uuid": "58bdcc6d-054a-45ba-93a1-e45e7d1734ef",
                  "parentUUID": "cf78e314-05e1-4f5c-8aaf-9617916f191a",
                  "isHook": false,
                  "skipped": false
                },
                {
                  "title": "retries the should callback until assertions pass",
                  "fullTitle": "Assertions Explicit Assertions retries the should callback until assertions pass",
                  "timedOut": null,
                  "duration": 0,
                  "state": "pending",
                  "speed": null,
                  "pass": false,
                  "fail": false,
                  "pending": true,
                  "context": null,
                  "code": "",
                  "err": {},
                  "uuid": "ce6ea00d-9c2f-4e70-8922-19644cc5b27d",
                  "parentUUID": "cf78e314-05e1-4f5c-8aaf-9617916f191a",
                  "isHook": false,
                  "skipped": false
                }
              ],
              "suites": [],
              "passes": [],
              "failures": [],
              "pending": [
                "c1073265-39d7-4cf0-b94d-38c255969d95",
                "9e3d890c-7d1e-4b95-bc08-dfe58971448f",
                "2a630b58-9265-4b4c-ad4c-b1ece2a5bdc4",
                "b1a3a54f-c48c-4441-ac89-f7190e777fba",
                "fda77e71-8ab1-418c-9f0f-565de8f03134",
                "58bdcc6d-054a-45ba-93a1-e45e7d1734ef",
                "ce6ea00d-9c2f-4e70-8922-19644cc5b27d"
              ],
              "skipped": [],
              "duration": 0,
              "root": false,
              "rootEmpty": false,
              "_timeout": 2000
            }
          ],
          "passes": [],
          "failures": [],
          "pending": [],
          "skipped": [],
          "duration": 0,
          "root": false,
          "rootEmpty": false,
          "_timeout": 2000
        }
      ],
      "passes": [],
      "failures": [],
      "pending": [],
      "skipped": [],
      "duration": 0,
      "root": true,
      "rootEmpty": true,
      "_timeout": 2000
    },
    {
      "uuid": "0d6cd25b-3572-44bf-8d28-3392a6539eb6",
      "title": "",
      "fullFile": "cypress/integration/actions.spec.js",
      "file": "cypress/integration/actions.spec.js",
      "beforeHooks": [],
      "afterHooks": [],
      "tests": [],
      "suites": [
        {
          "uuid": "b6f92d3d-7a4f-43e3-a501-1ca506501b99",
          "title": "Actions",
          "fullFile": "",
          "file": "",
          "beforeHooks": [],
          "afterHooks": [],
          "tests": [
            {
              "title": "Go to homePage",
              "fullTitle": "Actions Go to homePage",
              "timedOut": null,
              "duration": 9332,
              "state": "passed",
              "speed": "slow",
              "pass": true,
              "fail": false,
              "pending": false,
              "context": null,
              "code": "cy.get('.text-center').should('have.text', 'No items yet! Add one above!');",
              "err": {},
              "uuid": "34f170f7-b32a-4f3e-bf1a-3fe747807f27",
              "parentUUID": "b6f92d3d-7a4f-43e3-a501-1ca506501b99",
              "isHook": false,
              "skipped": false
            }
          ],
          "suites": [],
          "passes": [
            "34f170f7-b32a-4f3e-bf1a-3fe747807f27"
          ],
          "failures": [],
          "pending": [],
          "skipped": [],
          "duration": 9332,
          "root": false,
          "rootEmpty": false,
          "_timeout": 2000
        }
      ],
      "passes": [],
      "failures": [],
      "pending": [],
      "skipped": [],
      "duration": 0,
      "root": true,
      "rootEmpty": true,
      "_timeout": 2000
    }
  ],
  "meta": {
    "mocha": {
      "version": "7.0.1"
    },
    "mochawesome": {
      "options": {
        "quiet": false,
        "reportFilename": "mochawesome",
        "saveHtml": false,
        "saveJson": true,
        "consoleReporter": "spec",
        "useInlineDiffs": false,
        "code": true
      },
      "version": "6.3.0"
    },
    "marge": {
      "options": {
        "id": "default",
        "reportDir": "cypress/reports/mocha",
        "quite": true,
        "overwrite": false,
        "html": false,
        "json": true
      },
      "version": "5.2.0"
    }
  }
}